A51 MACRO ASSEMBLER  DSCR                                                                 03/15/2009 14:56:35 PAGE     1


MACRO ASSEMBLER A51 V8.00
OBJECT MODULE PLACED IN DSCR.OBJ
ASSEMBLER INVOKED BY: C:\Keil\C51\BIN\A51.EXE DSCR.A51 NOMOD51 SET(SMALL) DEBUG EP

LOC  OBJ            LINE     SOURCE

                       1     ;;-----------------------------------------------------------------------------
                       2     ;;   File:      dscr.a51
                       3     ;;   Contents:   This file contains descriptor data tables.  
                       4     ;;
                       5     ;;   Copyright (c) 2001 Cypress Semiconductor All rights reserved
                       6     ;;-----------------------------------------------------------------------------
                       7        
  0001                 8     DSCR_DEVICE       equ    1      ;; Descriptor type: Device
  0002                 9     DSCR_CONFIG       equ    2      ;; Descriptor type: Configuration
  0003                10     DSCR_STRING       equ    3      ;; Descriptor type: String
  0004                11     DSCR_INTRFC       equ    4      ;; Descriptor type: Interface
  0005                12     DSCR_ENDPNT       equ    5      ;; Descriptor type: Endpoint
  0006                13     DSCR_DEVQUAL      equ    6      ;; Descriptor type: Device Qualifier
                      14     
  0012                15     DSCR_DEVICE_LEN   equ   18
  0009                16     DSCR_CONFIG_LEN   equ    9
  0009                17     DSCR_INTRFC_LEN   equ    9
  0007                18     DSCR_ENDPNT_LEN   equ    7
  000A                19     DSCR_DEVQUAL_LEN  equ   10
                      20     
  0000                21     ET_CONTROL        equ    0      ;; Endpoint type: Control
  0001                22     ET_ISO            equ    1      ;; Endpoint type: Isochronous
  0002                23     ET_BULK           equ    2      ;; Endpoint type: Bulk
  0003                24     ET_INT            equ    3      ;; Endpoint type: Interrupt
                      25     
                      26     public      DeviceDscr, DeviceQualDscr, HighSpeedConfigDscr, FullSpeedConfigDscr, StringDsc
                             r, UserDscr
                      27     
                      28     ;; TGE  DSCR   SEGMENT   CODE
                      29     
                      30     ;;-----------------------------------------------------------------------------
                      31     ;; Global Variables
                      32     ;;-----------------------------------------------------------------------------
                      33     
                      34     ;; TGE      rseg DSCR                 ;; locate the descriptor table in on-part memory.
                      35     
----                  36                 cseg at 90H               ;; TODO: this needs to be changed before release
0090                  37     DeviceDscr:   
0090 12               38           db   DSCR_DEVICE_LEN      ;; Descriptor length
0091 01               39           db   DSCR_DEVICE          ;; Decriptor type
0092 0002             40           dw   0002H                ;; Specification Version (BCD)
0094 00               41           db   00H                  ;; Device class
0095 00               42           db   00H                  ;; Device sub-class
0096 00               43           db   00H                  ;; Device sub-sub-class
0097 40               44           db   64                   ;; Maximum packet size
                      45     ;
0098 0005             46            dw   00005H                ;; Vendor ID
009A 71C3             47            dw   071c3H                ;; Product ID (asvm1242)
                      48     ;      dw   0b404H                ;; Vendor ID
                      49     ;      dw   01386H                ;; Product ID (Sample Device)
                      50     ;
009C 0000             51           dw   0000H                ;; Product version ID
009E 01               52           db   1                    ;; Manufacturer string index
009F 02               53           db   2                    ;; Product string index
00A0 00               54           db   0                    ;; Serial number string index
00A1 01               55           db   1                    ;; Number of configurations
                      56     
00A2                  57     DeviceQualDscr:
A51 MACRO ASSEMBLER  DSCR                                                                 03/15/2009 14:56:35 PAGE     2

00A2 0A               58           db   DSCR_DEVQUAL_LEN     ;; Descriptor length
00A3 06               59           db   DSCR_DEVQUAL         ;; Decriptor type
00A4 0002             60           dw   0002H                ;; Specification Version (BCD)
00A6 00               61           db   00H                  ;; Device class
00A7 00               62           db   00H                  ;; Device sub-class
00A8 00               63           db   00H                  ;; Device sub-sub-class
00A9 40               64           db   64                   ;; Maximum packet size
00AA 01               65           db   1                    ;; Number of configurations
00AB 00               66           db   0                    ;; Reserved
                      67     
00AC                  68     HighSpeedConfigDscr:   
00AC 09               69           db   DSCR_CONFIG_LEN      ;; Descriptor length
00AD 02               70           db   DSCR_CONFIG          ;; Descriptor type
00AE 27               71           db   (HighSpeedConfigDscrEnd-HighSpeedConfigDscr) mod 256 ;; Total Length (LSB)
00AF 00               72           db   (HighSpeedConfigDscrEnd-HighSpeedConfigDscr)  /  256 ;; Total Length (MSB)
00B0 01               73           db   1                    ;; Number of interfaces
00B1 01               74           db   1                    ;; Configuration number
00B2 00               75           db   0                    ;; Configuration string
00B3 A0               76           db   10100000b            ;; Attributes (b7 - buspwr, b6 - selfpwr, b5 - rwu)
00B4 32               77           db   50                   ;; Power requirement (div 2 ma)
                      78     
                      79     ;; Interface Descriptor
00B5 09               80           db   DSCR_INTRFC_LEN      ;; Descriptor length
00B6 04               81           db   DSCR_INTRFC          ;; Descriptor type
00B7 00               82           db   0                    ;; Zero-based index of this interface
00B8 00               83           db   0                    ;; Alternate setting
00B9 03               84           db   3                    ;; Number of end points 
00BA FF               85           db   0ffH                 ;; Interface class
00BB 00               86           db   00H                  ;; Interface sub class
00BC 00               87           db   00H                  ;; Interface sub sub class
00BD 00               88           db   0                    ;; Interface descriptor string index
                      89           
                      90     ;; Endpoint Descriptor
00BE 07               91           db   DSCR_ENDPNT_LEN      ;; Descriptor length
00BF 05               92           db   DSCR_ENDPNT          ;; Descriptor type
00C0 02               93           db   02H                  ;; Endpoint number, and direction
00C1 02               94           db   ET_BULK              ;; Endpoint type
00C2 00               95           db   00H                  ;; Maximun packet size (LSB)
00C3 02               96           db   02H                  ;; Max packect size (MSB)
00C4 00               97           db   00H                  ;; Polling interval
                      98     
                      99     ;; Endpoint Descriptor
00C5 07              100           db   DSCR_ENDPNT_LEN      ;; Descriptor length
00C6 05              101           db   DSCR_ENDPNT          ;; Descriptor type
00C7 86              102           db   86H                  ;; Endpoint number, and direction
00C8 02              103           db   ET_BULK              ;; Endpoint type
00C9 00              104           db   00H                  ;; Maximun packet size (LSB)
00CA 02              105           db   02H                  ;; Max packect size (MSB)
00CB 00              106           db   00H                  ;; Polling interval
                     107     
                     108     ;; Endpoint Descriptor
00CC 07              109           db   DSCR_ENDPNT_LEN      ;; Descriptor length
00CD 05              110           db   DSCR_ENDPNT          ;; Descriptor type
00CE 88              111           db   88H                  ;; Endpoint number, and direction
00CF 02              112           db   ET_BULK              ;; Endpoint type
00D0 00              113           db   00H                  ;; Maximun packet size (LSB)
00D1 02              114           db   02H                  ;; Max packect size (MSB)
00D2 00              115           db   00H                  ;; Polling interval
                     116     
00D3                 117     HighSpeedConfigDscrEnd:   
                     118     
00D3                 119     FullSpeedConfigDscr:   
00D3 09              120           db   DSCR_CONFIG_LEN      ;; Descriptor length
00D4 02              121           db   DSCR_CONFIG          ;; Descriptor type
00D5 20              122           db   (FullSpeedConfigDscrEnd-FullSpeedConfigDscr) mod 256 ;; Total Length (LSB)
00D6 00              123           db   (FullSpeedConfigDscrEnd-FullSpeedConfigDscr)  /  256 ;; Total Length (MSB)
A51 MACRO ASSEMBLER  DSCR                                                                 03/15/2009 14:56:35 PAGE     3

00D7 01              124           db   1                    ;; Number of interfaces
00D8 01              125           db   1                    ;; Configuration number
00D9 00              126           db   0                    ;; Configuration string
00DA A0              127           db   10100000b            ;; Attributes (b7 - buspwr, b6 - selfpwr, b5 - rwu)
00DB 32              128           db   50                   ;; Power requirement (div 2 ma)
                     129     
                     130     ;; Interface Descriptor
00DC 09              131           db   DSCR_INTRFC_LEN      ;; Descriptor length
00DD 04              132           db   DSCR_INTRFC          ;; Descriptor type
00DE 00              133           db   0                    ;; Zero-based index of this interface
00DF 00              134           db   0                    ;; Alternate setting
00E0 02              135           db   2                    ;; Number of end points 
00E1 FF              136           db   0ffH                 ;; Interface class
00E2 00              137           db   00H                  ;; Interface sub class
00E3 00              138           db   00H                  ;; Interface sub sub class
00E4 00              139           db   0                    ;; Interface descriptor string index
                     140           
                     141     ;; Endpoint Descriptor
00E5 07              142           db   DSCR_ENDPNT_LEN      ;; Descriptor length
00E6 05              143           db   DSCR_ENDPNT          ;; Descriptor type
00E7 02              144           db   02H                  ;; Endpoint number, and direction
00E8 02              145           db   ET_BULK              ;; Endpoint type
00E9 40              146           db   40H                  ;; Maximun packet size (LSB)
00EA 00              147           db   00H                  ;; Max packect size (MSB)
00EB 00              148           db   00H                  ;; Polling interval
                     149     
                     150     ;; Endpoint Descriptor
00EC 07              151           db   DSCR_ENDPNT_LEN      ;; Descriptor length
00ED 05              152           db   DSCR_ENDPNT          ;; Descriptor type
00EE 86              153           db   86H                  ;; Endpoint number, and direction
00EF 02              154           db   ET_BULK              ;; Endpoint type
00F0 40              155           db   40H                  ;; Maximun packet size (LSB)
00F1 00              156           db   00H                  ;; Max packect size (MSB)
00F2 00              157           db   00H                  ;; Polling interval
                     158     
00F3                 159     FullSpeedConfigDscrEnd:   
                     160     
00F3                 161     StringDscr:
                     162     
00F3                 163     StringDscr0:   
00F3 04              164           db   StringDscr0End-StringDscr0      ;; String descriptor length
00F4 03              165           db   DSCR_STRING
00F5 0904            166           db   09H,04H
00F7                 167     StringDscr0End:
                     168     
00F7                 169     StringDscr1:   
00F7 26              170           db   StringDscr1End-StringDscr1      ;; String descriptor length
00F8 03              171           db   DSCR_STRING
00F9 4700            172           db   'G',00
00FB 5000            173           db   'P',00
00FD 4900            174           db   'I',00
00FF 4600            175           db   'F',00
0101 5400            176           db   'T',00
0103 4F00            177           db   'O',00
0105 4F00            178           db   'O',00
0107 4C00            179           db   'L',00
0109 2000            180           db   ' ',00
010B 7600            181           db   'v',00
010D 3000            182           db   '0',00
010F 2E00            183           db   '.',00
0111 3200            184           db   '2',00
0113 2E00            185           db   '.',00
0115 3000            186           db   '0',00
0117 3000            187           db   '0',00
0119 3000            188           db   '0',00
011B 3000            189           db   '0',00
A51 MACRO ASSEMBLER  DSCR                                                                 03/15/2009 14:56:35 PAGE     4

011D                 190     StringDscr1End:
                     191     
011D                 192     StringDscr2:   
011D 4A              193           db   StringDscr2End-StringDscr2      ;; Descriptor length
011E 03              194           db   DSCR_STRING
011F 4100            195           db   'A',00
0121 5300            196           db   'S',00
0123 5600            197           db   'V',00
0125 4D00            198           db   'M',00
0127 3100            199           db   '1',00
0129 3200            200           db   '2',00
012B 3100            201           db   '1',00
012D 3200            202           db   '2',00
012F 3000            203           db   '0',00
0131 2000            204           db   ' ',00
0133 2000            205           db   ' ',00
0135 2000            206           db   ' ',00
0137 2000            207           db   ' ',00
0139 2000            208           db   ' ',00
013B 2000            209           db   ' ',00
013D 2000            210           db   ' ',00
013F 2000            211           db   ' ',00
0141 2000            212           db   ' ',00
0143 2000            213           db   ' ',00
0145 2000            214           db   ' ',00
0147 2000            215           db   ' ',00
0149 2000            216           db   ' ',00
014B 2000            217           db   ' ',00
014D 2000            218           db   ' ',00
014F 2000            219           db   ' ',00
0151 2000            220           db   ' ',00
0153 2000            221           db   ' ',00
0155 2000            222           db   ' ',00
0157 2000            223           db   ' ',00
0159 2000            224           db   ' ',00
015B 2000            225           db   ' ',00
015D 2000            226           db   ' ',00
015F 2000            227           db   ' ',00
0161 2000            228           db   ' ',00
0163 2000            229           db   ' ',00
0165 2000            230           db   ' ',00
0167                 231     StringDscr2End:
                     232     
0167                 233     UserDscr:      
0167 0000            234           dw   0000H
                     235           end
                                   
A51 MACRO ASSEMBLER  DSCR                                                                 03/15/2009 14:56:35 PAGE     5

SYMBOL TABLE LISTING
------ ----- -------


N A M E                 T Y P E  V A L U E   ATTRIBUTES

DEVICEDSCR . . . . . .  C ADDR   0090H   A   
DEVICEQUALDSCR . . . .  C ADDR   00A2H   A   
DSCR_CONFIG. . . . . .  N NUMB   0002H   A   
DSCR_CONFIG_LEN. . . .  N NUMB   0009H   A   
DSCR_DEVICE. . . . . .  N NUMB   0001H   A   
DSCR_DEVICE_LEN. . . .  N NUMB   0012H   A   
DSCR_DEVQUAL . . . . .  N NUMB   0006H   A   
DSCR_DEVQUAL_LEN . . .  N NUMB   000AH   A   
DSCR_ENDPNT. . . . . .  N NUMB   0005H   A   
DSCR_ENDPNT_LEN. . . .  N NUMB   0007H   A   
DSCR_INTRFC. . . . . .  N NUMB   0004H   A   
DSCR_INTRFC_LEN. . . .  N NUMB   0009H   A   
DSCR_STRING. . . . . .  N NUMB   0003H   A   
ET_BULK. . . . . . . .  N NUMB   0002H   A   
ET_CONTROL . . . . . .  N NUMB   0000H   A   
ET_INT . . . . . . . .  N NUMB   0003H   A   
ET_ISO . . . . . . . .  N NUMB   0001H   A   
FULLSPEEDCONFIGDSCR. .  C ADDR   00D3H   A   
FULLSPEEDCONFIGDSCREND  C ADDR   00F3H   A   
HIGHSPEEDCONFIGDSCR. .  C ADDR   00ACH   A   
HIGHSPEEDCONFIGDSCREND  C ADDR   00D3H   A   
STRINGDSCR . . . . . .  C ADDR   00F3H   A   
STRINGDSCR0. . . . . .  C ADDR   00F3H   A   
STRINGDSCR0END . . . .  C ADDR   00F7H   A   
STRINGDSCR1. . . . . .  C ADDR   00F7H   A   
STRINGDSCR1END . . . .  C ADDR   011DH   A   
STRINGDSCR2. . . . . .  C ADDR   011DH   A   
STRINGDSCR2END . . . .  C ADDR   0167H   A   
USERDSCR . . . . . . .  C ADDR   0167H   A   


REGISTER BANK(S) USED: 0 


ASSEMBLY COMPLETE.  0 WARNING(S), 0 ERROR(S)
